<?xml version="1.0" encoding="UTF-8"?>
<!-- Generated by org.testng.reporters.JUnitXMLReporter -->
<testsuite ignored="0" hostname="BRD-485S063-L" failures="1" tests="4" name="ErrorValidationsTest" time="14.993" errors="0" timestamp="2024-05-21T16:26:00 IST">
  <testcase classname="testselenium.SeleniumTest.ErrorValidationsTest" name="LoginErrorValidation" time="0.403">
    <skipped/>
  </testcase> <!-- LoginErrorValidation -->
  <testcase classname="testselenium.SeleniumTest.ErrorValidationsTest" name="LoginErrorValidation" time="0.34">
    <skipped/>
  </testcase> <!-- LoginErrorValidation -->
  <testcase classname="testselenium.SeleniumTest.ErrorValidationsTest" name="LoginErrorValidation" time="0.559">
    <failure type="java.lang.AssertionError" message="expected [Incorrect email or password.] but found [Incorrect email password.]">
      <![CDATA[java.lang.AssertionError: expected [Incorrect email or password.] but found [Incorrect email password.]
at testselenium.SeleniumTest.ErrorValidationsTest.LoginErrorValidation(ErrorValidationsTest.java:34)
at java.base/java.util.ArrayList.forEach(ArrayList.java:1511)
at java.base/java.util.concurrent.FutureTask.run(FutureTask.java:264)
at java.base/java.util.concurrent.ThreadPoolExecutor.runWorker(ThreadPoolExecutor.java:1136)
at java.base/java.util.concurrent.ThreadPoolExecutor$Worker.run(ThreadPoolExecutor.java:635)
at java.base/java.lang.Thread.run(Thread.java:833)
... Removed 23 stack frames]]>
    </failure>
  </testcase> <!-- LoginErrorValidation -->
  <testcase classname="testselenium.SeleniumTest.ErrorValidationsTest" name="ProductErrorValidation" time="2.218"/>
</testsuite> <!-- ErrorValidationsTest -->
